Determining if the pthread_create exist failed with the following output:
Change Dir: /home/mehatfie/WARG_Simulation/build/CMakeFiles/CMakeTmp

Run Build Command:/usr/bin/make "cmTryCompileExec1337763853/fast"
/usr/bin/make -f CMakeFiles/cmTryCompileExec1337763853.dir/build.make CMakeFiles/cmTryCompileExec1337763853.dir/build
make[1]: Entering directory `/home/mehatfie/WARG_Simulation/build/CMakeFiles/CMakeTmp'
/usr/bin/cmake -E cmake_progress_report /home/mehatfie/WARG_Simulation/build/CMakeFiles/CMakeTmp/CMakeFiles 1
Building C object CMakeFiles/cmTryCompileExec1337763853.dir/CheckSymbolExists.c.o
/usr/bin/cc    -o CMakeFiles/cmTryCompileExec1337763853.dir/CheckSymbolExists.c.o   -c /home/mehatfie/WARG_Simulation/build/CMakeFiles/CMakeTmp/CheckSymbolExists.c
Linking C executable cmTryCompileExec1337763853
/usr/bin/cmake -E cmake_link_script CMakeFiles/cmTryCompileExec1337763853.dir/link.txt --verbose=1
/usr/bin/cc       CMakeFiles/cmTryCompileExec1337763853.dir/CheckSymbolExists.c.o  -o cmTryCompileExec1337763853 -rdynamic 
CMakeFiles/cmTryCompileExec1337763853.dir/CheckSymbolExists.c.o: In function `main':
CheckSymbolExists.c:(.text+0x16): undefined reference to `pthread_create'
collect2: error: ld returned 1 exit status
make[1]: *** [cmTryCompileExec1337763853] Error 1
make[1]: Leaving directory `/home/mehatfie/WARG_Simulation/build/CMakeFiles/CMakeTmp'
make: *** [cmTryCompileExec1337763853/fast] Error 2

File /home/mehatfie/WARG_Simulation/build/CMakeFiles/CMakeTmp/CheckSymbolExists.c:
/* */
#include <pthread.h>

int main(int argc, char** argv)
{
  (void)argv;
#ifndef pthread_create
  return ((int*)(&pthread_create))[argc];
#else
  (void)argc;
  return 0;
#endif
}

Determining if the function pthread_create exists in the pthreads failed with the following output:
Change Dir: /home/mehatfie/WARG_Simulation/build/CMakeFiles/CMakeTmp

Run Build Command:/usr/bin/make "cmTryCompileExec2671139350/fast"
/usr/bin/make -f CMakeFiles/cmTryCompileExec2671139350.dir/build.make CMakeFiles/cmTryCompileExec2671139350.dir/build
make[1]: Entering directory `/home/mehatfie/WARG_Simulation/build/CMakeFiles/CMakeTmp'
/usr/bin/cmake -E cmake_progress_report /home/mehatfie/WARG_Simulation/build/CMakeFiles/CMakeTmp/CMakeFiles 1
Building C object CMakeFiles/cmTryCompileExec2671139350.dir/CheckFunctionExists.c.o
/usr/bin/cc   -DCHECK_FUNCTION_EXISTS=pthread_create   -o CMakeFiles/cmTryCompileExec2671139350.dir/CheckFunctionExists.c.o   -c /usr/share/cmake-2.8/Modules/CheckFunctionExists.c
Linking C executable cmTryCompileExec2671139350
/usr/bin/cmake -E cmake_link_script CMakeFiles/cmTryCompileExec2671139350.dir/link.txt --verbose=1
/usr/bin/cc   -DCHECK_FUNCTION_EXISTS=pthread_create    CMakeFiles/cmTryCompileExec2671139350.dir/CheckFunctionExists.c.o  -o cmTryCompileExec2671139350 -rdynamic -lpthreads 
/usr/bin/ld: cannot find -lpthreads
collect2: error: ld returned 1 exit status
make[1]: *** [cmTryCompileExec2671139350] Error 1
make[1]: Leaving directory `/home/mehatfie/WARG_Simulation/build/CMakeFiles/CMakeTmp'
make: *** [cmTryCompileExec2671139350/fast] Error 2


